<?xml version="1.0" encoding="UTF-8"?>
<testsuite xmlns:xsi="http://www.w3.org/2001/XMLSchema-instance" xsi:noNamespaceSchemaLocation="https://maven.apache.org/surefire/maven-surefire-plugin/xsd/surefire-test-report-3.0.xsd" version="3.0" name="test.java.com.example.SignatureTest" time="1.826" tests="100" errors="0" skipped="0" failures="0">
  <properties>
    <property name="java.specification.version" value="17"/>
    <property name="sun.jnu.encoding" value="UTF-8"/>
    <property name="java.class.path" value="/home/khalid/projects/SAE/minirsa/minirsa/target/test-classes:/home/khalid/projects/SAE/minirsa/minirsa/target/classes:/home/khalid/.m2/repository/org/junit/jupiter/junit-jupiter-api/5.7.0/junit-jupiter-api-5.7.0.jar:/home/khalid/.m2/repository/org/apiguardian/apiguardian-api/1.1.0/apiguardian-api-1.1.0.jar:/home/khalid/.m2/repository/org/opentest4j/opentest4j/1.2.0/opentest4j-1.2.0.jar:/home/khalid/.m2/repository/org/junit/platform/junit-platform-commons/1.7.0/junit-platform-commons-1.7.0.jar:/home/khalid/.m2/repository/org/junit/jupiter/junit-jupiter-engine/5.7.0/junit-jupiter-engine-5.7.0.jar:/home/khalid/.m2/repository/org/junit/platform/junit-platform-engine/1.7.0/junit-platform-engine-1.7.0.jar:/home/khalid/.m2/repository/org/openjfx/javafx-controls/17/javafx-controls-17.jar:/home/khalid/.m2/repository/org/openjfx/javafx-controls/17/javafx-controls-17-linux.jar:/home/khalid/.m2/repository/org/openjfx/javafx-graphics/17/javafx-graphics-17.jar:/home/khalid/.m2/repository/org/openjfx/javafx-graphics/17/javafx-graphics-17-linux.jar:/home/khalid/.m2/repository/org/openjfx/javafx-base/17/javafx-base-17.jar:/home/khalid/.m2/repository/org/openjfx/javafx-base/17/javafx-base-17-linux.jar:/home/khalid/.m2/repository/org/openjfx/javafx-fxml/17/javafx-fxml-17.jar:/home/khalid/.m2/repository/org/openjfx/javafx-fxml/17/javafx-fxml-17-linux.jar:/home/khalid/.m2/repository/org/openjfx/javafx-swing/17/javafx-swing-17.jar:/home/khalid/.m2/repository/org/openjfx/javafx-swing/17/javafx-swing-17-linux.jar:"/>
    <property name="java.vm.vendor" value="Ubuntu"/>
    <property name="sun.arch.data.model" value="64"/>
    <property name="java.vendor.url" value="https://ubuntu.com/"/>
    <property name="os.name" value="Linux"/>
    <property name="java.vm.specification.version" value="17"/>
    <property name="sun.java.launcher" value="SUN_STANDARD"/>
    <property name="user.country" value="US"/>
    <property name="sun.boot.library.path" value="/usr/lib/jvm/java-17-openjdk-amd64/lib"/>
    <property name="sun.java.command" value="/home/khalid/projects/SAE/minirsa/minirsa/target/surefire/surefirebooter11102871635779947500.jar /home/khalid/projects/SAE/minirsa/minirsa/target/surefire 2025-02-03T15-41-30_771-jvmRun1 surefire7285625690701324146tmp surefire_06912273113128564694tmp"/>
    <property name="jdk.debug" value="release"/>
    <property name="surefire.test.class.path" value="/home/khalid/projects/SAE/minirsa/minirsa/target/test-classes:/home/khalid/projects/SAE/minirsa/minirsa/target/classes:/home/khalid/.m2/repository/org/junit/jupiter/junit-jupiter-api/5.7.0/junit-jupiter-api-5.7.0.jar:/home/khalid/.m2/repository/org/apiguardian/apiguardian-api/1.1.0/apiguardian-api-1.1.0.jar:/home/khalid/.m2/repository/org/opentest4j/opentest4j/1.2.0/opentest4j-1.2.0.jar:/home/khalid/.m2/repository/org/junit/platform/junit-platform-commons/1.7.0/junit-platform-commons-1.7.0.jar:/home/khalid/.m2/repository/org/junit/jupiter/junit-jupiter-engine/5.7.0/junit-jupiter-engine-5.7.0.jar:/home/khalid/.m2/repository/org/junit/platform/junit-platform-engine/1.7.0/junit-platform-engine-1.7.0.jar:/home/khalid/.m2/repository/org/openjfx/javafx-controls/17/javafx-controls-17.jar:/home/khalid/.m2/repository/org/openjfx/javafx-controls/17/javafx-controls-17-linux.jar:/home/khalid/.m2/repository/org/openjfx/javafx-graphics/17/javafx-graphics-17.jar:/home/khalid/.m2/repository/org/openjfx/javafx-graphics/17/javafx-graphics-17-linux.jar:/home/khalid/.m2/repository/org/openjfx/javafx-base/17/javafx-base-17.jar:/home/khalid/.m2/repository/org/openjfx/javafx-base/17/javafx-base-17-linux.jar:/home/khalid/.m2/repository/org/openjfx/javafx-fxml/17/javafx-fxml-17.jar:/home/khalid/.m2/repository/org/openjfx/javafx-fxml/17/javafx-fxml-17-linux.jar:/home/khalid/.m2/repository/org/openjfx/javafx-swing/17/javafx-swing-17.jar:/home/khalid/.m2/repository/org/openjfx/javafx-swing/17/javafx-swing-17-linux.jar:"/>
    <property name="sun.cpu.endian" value="little"/>
    <property name="user.home" value="/home/khalid"/>
    <property name="user.language" value="en"/>
    <property name="java.specification.vendor" value="Oracle Corporation"/>
    <property name="java.version.date" value="2024-10-15"/>
    <property name="java.home" value="/usr/lib/jvm/java-17-openjdk-amd64"/>
    <property name="file.separator" value="/"/>
    <property name="basedir" value="/home/khalid/projects/SAE/minirsa/minirsa"/>
    <property name="java.vm.compressedOopsMode" value="Zero based"/>
    <property name="line.separator" value="&#10;"/>
    <property name="java.vm.specification.vendor" value="Oracle Corporation"/>
    <property name="java.specification.name" value="Java Platform API Specification"/>
    <property name="surefire.real.class.path" value="/home/khalid/projects/SAE/minirsa/minirsa/target/surefire/surefirebooter11102871635779947500.jar"/>
    <property name="sun.management.compiler" value="HotSpot 64-Bit Tiered Compilers"/>
    <property name="java.runtime.version" value="17.0.13+11-Ubuntu-2ubuntu122.04"/>
    <property name="user.name" value="khalid"/>
    <property name="path.separator" value=":"/>
    <property name="os.version" value="6.8.0-51-generic"/>
    <property name="java.runtime.name" value="OpenJDK Runtime Environment"/>
    <property name="file.encoding" value="UTF-8"/>
    <property name="java.vm.name" value="OpenJDK 64-Bit Server VM"/>
    <property name="localRepository" value="/home/khalid/.m2/repository"/>
    <property name="java.vendor.url.bug" value="https://bugs.launchpad.net/ubuntu/+source/openjdk-17"/>
    <property name="java.io.tmpdir" value="/tmp"/>
    <property name="java.version" value="17.0.13"/>
    <property name="user.dir" value="/home/khalid/projects/SAE/minirsa/minirsa"/>
    <property name="os.arch" value="amd64"/>
    <property name="java.vm.specification.name" value="Java Virtual Machine Specification"/>
    <property name="native.encoding" value="UTF-8"/>
    <property name="java.library.path" value="/usr/java/packages/lib:/usr/lib/x86_64-linux-gnu/jni:/lib/x86_64-linux-gnu:/usr/lib/x86_64-linux-gnu:/usr/lib/jni:/lib:/usr/lib"/>
    <property name="java.vm.info" value="mixed mode, sharing"/>
    <property name="java.vendor" value="Ubuntu"/>
    <property name="java.vm.version" value="17.0.13+11-Ubuntu-2ubuntu122.04"/>
    <property name="java.specification.maintenance.version" value="1"/>
    <property name="sun.io.unicode.encoding" value="UnicodeLittle"/>
    <property name="java.class.version" value="61.0"/>
  </properties>
  <testcase name="testSignerEtVerifier" classname="test.java.com.example.SignatureTest" time="0.107">
    <system-out><![CDATA[Empreinte du message : 84633312863922471376330037953267285772071217785657846530145723160960499289727
Signature générée : 51024140768344095275751701884505831101113279064738430413110902475091970470082114076138492011073699888853201269496192579151361008530182902410139260249088179368682168559122561380199274283303247632596422291513269766825058208644201131505563727123185083233143856194924002850052246372157263901030011852435274345970
Signature valide : true
]]></system-out>
  </testcase>
  <testcase name="testSignerEtVerifier" classname="test.java.com.example.SignatureTest" time="0.019">
    <system-out><![CDATA[Empreinte du message : 84633312863922471376330037953267285772071217785657846530145723160960499289727
Signature générée : 9759952197400729607753715542107002707764406528180168928636901718703630159675399613922355260582254719997696145013356930465075364674823533006891361610768301634448823583297459563349156920812923305853884750917197328981638434341715589533376572889686559781440176033319463348331531123690557479597601657240898803191
Signature valide : true
]]></system-out>
  </testcase>
  <testcase name="testSignerEtVerifier" classname="test.java.com.example.SignatureTest" time="0.02">
    <system-out><![CDATA[Empreinte du message : 84633312863922471376330037953267285772071217785657846530145723160960499289727
Signature générée : 100220730196593331077217871716117217310015425554156298299900332592074590921503941364426015448143037158385888665495247481751855124707902712659885256381297051723920535599191272010094256734756289826080186696134051169381236394519148438662165911933434175710923658379885112841602270472946090696808298785598011142938
Signature valide : true
]]></system-out>
  </testcase>
  <testcase name="testSignerEtVerifier" classname="test.java.com.example.SignatureTest" time="0.021">
    <system-out><![CDATA[Empreinte du message : 84633312863922471376330037953267285772071217785657846530145723160960499289727
Signature générée : 67260533489272446045255247774664570120586127984590850628023422810367822027779651658846029933862584698503799537086109137786620138706097220136033407685312667397170519311504733178291694816553026460412425068920984213710995753291749078364598206243773431004041063190040363520051106440214329593608693860252315125300
Signature valide : true
]]></system-out>
  </testcase>
  <testcase name="testSignerEtVerifier" classname="test.java.com.example.SignatureTest" time="0.02">
    <system-out><![CDATA[Empreinte du message : 84633312863922471376330037953267285772071217785657846530145723160960499289727
Signature générée : 67408759583786672730665053350769223345999312634405488744047777474873175659748136996816427513554730366868714324511003746624222742551064128211542090749727190723801171441764322640210753673330869408478739786779393621499940783196031214122691594783828120367356050496321460998895349852996400932204204202739478312747
Signature valide : true
]]></system-out>
  </testcase>
  <testcase name="testSignerEtVerifier" classname="test.java.com.example.SignatureTest" time="0.029">
    <system-out><![CDATA[Empreinte du message : 84633312863922471376330037953267285772071217785657846530145723160960499289727
Signature générée : 37861314296209916476843359779127959615866948540187560481653935469267474556000669088431928625109309160446783497627665005886614328988904258989389371745466385660411755617487043628939769919758433601335864244957655943874528969845927481390802522280772940166500513265466461586381438494367988908642027180436029483042
Signature valide : true
]]></system-out>
  </testcase>
  <testcase name="testSignerEtVerifier" classname="test.java.com.example.SignatureTest" time="0.02">
    <system-out><![CDATA[Empreinte du message : 84633312863922471376330037953267285772071217785657846530145723160960499289727
Signature générée : 2097768689970152248857611737372202705524466331879032996388454438519521359707772672180356272348017072434011094814469115687448552700506072497726090439957865001527505220888099220824799836941855516131873629039007631991774521419753411187037905048527689528505005840634307448076456580948913353392626151742365239010
Signature valide : true
]]></system-out>
  </testcase>
  <testcase name="testSignerEtVerifier" classname="test.java.com.example.SignatureTest" time="0.026">
    <system-out><![CDATA[Empreinte du message : 84633312863922471376330037953267285772071217785657846530145723160960499289727
Signature générée : 34654853460300843142295121371593220586352818842737770216341805258531402972528308478169329507117921592487036657071935255547418888841463322387084310527316229462778658041377191934336836392335244715722570506424021446359841263879694480409247001870871008573655267743942564540614388465348218307542408034517660169791
Signature valide : true
]]></system-out>
  </testcase>
  <testcase name="testSignerEtVerifier" classname="test.java.com.example.SignatureTest" time="0.033">
    <system-out><![CDATA[Empreinte du message : 84633312863922471376330037953267285772071217785657846530145723160960499289727
Signature générée : 59778989320017886596780055310591807227253924687157418300780571922989033565711760649922084518275450921205603549060733344245281951426306369454344147759604038842924533215473786774602565928106268032015643628780344705169891675469637763276401259153510060784756576484496055136597401625992813153967195573258528856811
Signature valide : true
]]></system-out>
  </testcase>
  <testcase name="testSignerEtVerifier" classname="test.java.com.example.SignatureTest" time="0.025">
    <system-out><![CDATA[Empreinte du message : 84633312863922471376330037953267285772071217785657846530145723160960499289727
Signature générée : 38343767647540052168101164260332513777193724853353403291700105471131306559312553898455064694778922728718433837027997883034447899185651969101177620060737511540674245323978890235723669017068914860000376159854117333662640020370203571677136426606989256288995084582217702613580613057016308178843141096652626481222
Signature valide : true
]]></system-out>
  </testcase>
  <testcase name="testSignerEtVerifier" classname="test.java.com.example.SignatureTest" time="0.051">
    <system-out><![CDATA[Empreinte du message : 84633312863922471376330037953267285772071217785657846530145723160960499289727
Signature générée : 14679595979707866555585077113958372613974023299021009619949163647095371543222055095600808097158754886968303914092654885986614881726322219060734958928600222289765201999064995511875734077613910862415786847160586429554384383785213069790874423497653945406852694906454758745164025252131970964097963424834699301448
Signature valide : true
]]></system-out>
  </testcase>
  <testcase name="testSignerEtVerifier" classname="test.java.com.example.SignatureTest" time="0.045">
    <system-out><![CDATA[Empreinte du message : 84633312863922471376330037953267285772071217785657846530145723160960499289727
Signature générée : 74155837095286828552236976974937888977450317071764816197723041378627523164977295474446883833317335760738658460030687233376303010903454950043336540127874368167331640001846064543484644127122884523854821357704635136449482277825078863931339392771651943590008995619735227961386842892104532653029575740834145027233
Signature valide : true
]]></system-out>
  </testcase>
  <testcase name="testSignerEtVerifier" classname="test.java.com.example.SignatureTest" time="0.031">
    <system-out><![CDATA[Empreinte du message : 84633312863922471376330037953267285772071217785657846530145723160960499289727
Signature générée : 100773051168526714638576195805121825158730005942801732418140825746035333936115072417000247994353783691207235511441880276630097768574483751966658474232203781919402668011818190376087909295945795515616467259622369679313597747758858576609397170957818896420695520919722041931516698382757182213281004181361547430195
Signature valide : true
]]></system-out>
  </testcase>
  <testcase name="testSignerEtVerifier" classname="test.java.com.example.SignatureTest" time="0.036">
    <system-out><![CDATA[Empreinte du message : 84633312863922471376330037953267285772071217785657846530145723160960499289727
Signature générée : 109032574371247145397874162628035637183329097227260438464794319495539580100335769650771331694825371208091688871902934586180172854809263334880272412714602135837503808286988444133673613089900934888814759905334845821981097761951880573131624584740308786511792613048261228892201390753748624012849127646568367069678
Signature valide : true
]]></system-out>
  </testcase>
  <testcase name="testSignerEtVerifier" classname="test.java.com.example.SignatureTest" time="0.018">
    <system-out><![CDATA[Empreinte du message : 84633312863922471376330037953267285772071217785657846530145723160960499289727
Signature générée : 50886626226106533849561935414506747820203120092251896586451912349121405739427960450886808523874045471505128570882844646283697476214045155868820463055551017122878284460992514655721285955432838096370778579100731867984305005990854410274728037283978215580556966405977581311441936946485309970118196000997648162380
Signature valide : true
]]></system-out>
  </testcase>
  <testcase name="testSignerEtVerifier" classname="test.java.com.example.SignatureTest" time="0.034">
    <system-out><![CDATA[Empreinte du message : 84633312863922471376330037953267285772071217785657846530145723160960499289727
Signature générée : 52116389493655044899046688800589004409614903551978873041189442033491709121256449201288679107190508516632541469964757123076439082769659284875163763449336762430641243524060305069747719945800552518261154659176287123232834617306033258939827896822411425339177546838555894636763682237449971402026097899400996267525
Signature valide : true
]]></system-out>
  </testcase>
  <testcase name="testSignerEtVerifier" classname="test.java.com.example.SignatureTest" time="0.027">
    <system-out><![CDATA[Empreinte du message : 84633312863922471376330037953267285772071217785657846530145723160960499289727
Signature générée : 73781804973362063884882600946202146139657683934666602467447048161447691552891687716563208253829786695542701275993092842130496930905699795865743465764622058724440602279926932469071033119063066474148130498597190708617455260131052414168483586325771003701698712852839038719766497412062238186533957141600462027518
Signature valide : true
]]></system-out>
  </testcase>
  <testcase name="testSignerEtVerifier" classname="test.java.com.example.SignatureTest" time="0.031">
    <system-out><![CDATA[Empreinte du message : 84633312863922471376330037953267285772071217785657846530145723160960499289727
Signature générée : 90668877192901874011456953706414483466822849162489434091703186111902241420096762850106306064569853764083777110279539586336816545356477302608842163885765821619995805304036528882794142699098176632203631020725425845693582909301319638187554185579061397867736623231381712364774135572445362573334915547730162224747
Signature valide : true
]]></system-out>
  </testcase>
  <testcase name="testSignerEtVerifier" classname="test.java.com.example.SignatureTest" time="0.02">
    <system-out><![CDATA[Empreinte du message : 84633312863922471376330037953267285772071217785657846530145723160960499289727
Signature générée : 34681465793827944551250503363014580970033294068707827786471877409285693361414718352834091033809964162785310126897700945170442601125021874662531096971968779383465238192551887523338083541234844422178191211742226901264833736993686034610847477243618636719003544324252123641334670596616171640997986447390763591034
Signature valide : true
]]></system-out>
  </testcase>
  <testcase name="testSignerEtVerifier" classname="test.java.com.example.SignatureTest" time="0.018">
    <system-out><![CDATA[Empreinte du message : 84633312863922471376330037953267285772071217785657846530145723160960499289727
Signature générée : 32072569157790718252014559887500716259005752074757375581114446465503845728453809599497478202333847187538051078768182614211539820047266733009300433322363157277802342095645241089990033023937530666165306715510656364049620328163191858465238074444213806578608337133105672296429504601037231603841835801071807973975
Signature valide : true
]]></system-out>
  </testcase>
  <testcase name="testSignerEtVerifier" classname="test.java.com.example.SignatureTest" time="0.017">
    <system-out><![CDATA[Empreinte du message : 84633312863922471376330037953267285772071217785657846530145723160960499289727
Signature générée : 7090733994445543934038416368191091038541142275307477953786090089858322276409257113195429719323644340383825625026729947548263125524504083486060504309913756782624332586397757385065585443006839419907627037502770923586636479122896567663306053621838303154669464675043422591944427714700602900987415169971974156492
Signature valide : true
]]></system-out>
  </testcase>
  <testcase name="testSignerEtVerifier" classname="test.java.com.example.SignatureTest" time="0.022">
    <system-out><![CDATA[Empreinte du message : 84633312863922471376330037953267285772071217785657846530145723160960499289727
Signature générée : 75123154870045556818106978854777172396711394498306724239320849076225600976278187407558392497531789178189298426336399763489366093990820806660593018812957844633271623823453900622538362922100569580199103726196343661464451087347275103100435302959954544796799543962088689202418906891115097143191162929777258444268
Signature valide : true
]]></system-out>
  </testcase>
  <testcase name="testSignerEtVerifier" classname="test.java.com.example.SignatureTest" time="0.014">
    <system-out><![CDATA[Empreinte du message : 84633312863922471376330037953267285772071217785657846530145723160960499289727
Signature générée : 74283312264140214257015294306111215556368729076088739739853850723988968810238007226181229876860381253633487016999584624915566490726620442045341313284282362506761541455914664451599722845670861573618906847026129721114074906577545328861498820674194162560340817399311413286221058052595564090507084539315662614191
Signature valide : true
]]></system-out>
  </testcase>
  <testcase name="testSignerEtVerifier" classname="test.java.com.example.SignatureTest" time="0.014">
    <system-out><![CDATA[Empreinte du message : 84633312863922471376330037953267285772071217785657846530145723160960499289727
Signature générée : 104093763993048895512560589724087204236015365150899308491107270114003779613850319539661747949822969676648594273790975258599234826251240344640665357520131907775043283063317912560388511806939097964773931783181354970495660668970558012416056026296863048031966889796495561837603297235951854229209764792415218444258
Signature valide : true
]]></system-out>
  </testcase>
  <testcase name="testSignerEtVerifier" classname="test.java.com.example.SignatureTest" time="0.015">
    <system-out><![CDATA[Empreinte du message : 84633312863922471376330037953267285772071217785657846530145723160960499289727
Signature générée : 31283419926701733863158032288166045475695769096476977431984156170209802636843516957613358986586314067034267323321857687633007749963531539702308426240261665621325144214161775354309379823536621295576445895098793343008569342351413915074738954750567469128220378311280118371706801120013795735673602004922419721513
Signature valide : true
]]></system-out>
  </testcase>
  <testcase name="testSignerEtVerifier" classname="test.java.com.example.SignatureTest" time="0.022">
    <system-out><![CDATA[Empreinte du message : 84633312863922471376330037953267285772071217785657846530145723160960499289727
Signature générée : 14499212127214794987878251030938865593501325394549791861833471342906031122569078013575287945339442633920451576271366002170840861602926029903745597988824171002044038787576659171780157802584902054427035344462083873980387406703272902462191340733058340204143877282894081835076530256625713812375481184030463088691
Signature valide : true
]]></system-out>
  </testcase>
  <testcase name="testSignerEtVerifier" classname="test.java.com.example.SignatureTest" time="0.013">
    <system-out><![CDATA[Empreinte du message : 84633312863922471376330037953267285772071217785657846530145723160960499289727
Signature générée : 10063157751425979907223378735728778300816594342255524605980191668745844568257629437130032305717776975588574139038328736773772231665078428481215375235099118829649306372843285046386194629604022333934498616525757946723956370786005352189612315081547762148981305231950881550805694325630337496133524691585907245388
Signature valide : true
]]></system-out>
  </testcase>
  <testcase name="testSignerEtVerifier" classname="test.java.com.example.SignatureTest" time="0.016">
    <system-out><![CDATA[Empreinte du message : 84633312863922471376330037953267285772071217785657846530145723160960499289727
Signature générée : 104281086232199244821328570254106801777609650141818606375056436705708950257824132358433966544739653256825004917283144849090067399450186014582386074322977840077138900722289103304085520963573790434809336130136068050918763589930044411186354451417062218158961700037489646169498911305178212050645360803934486563592
Signature valide : true
]]></system-out>
  </testcase>
  <testcase name="testSignerEtVerifier" classname="test.java.com.example.SignatureTest" time="0.013">
    <system-out><![CDATA[Empreinte du message : 84633312863922471376330037953267285772071217785657846530145723160960499289727
Signature générée : 52053889230991060255772295185146259675111658684276772202999094659417346327172690178192661192400722066282195749348767815726897667158321099833000383873080635274979210003983893114185358615203496071236201209566332620286566030043085222132106496257884587851084060088259112773345530314580197090588155447770808138729
Signature valide : true
]]></system-out>
  </testcase>
  <testcase name="testSignerEtVerifier" classname="test.java.com.example.SignatureTest" time="0.014">
    <system-out><![CDATA[Empreinte du message : 84633312863922471376330037953267285772071217785657846530145723160960499289727
Signature générée : 3119682139119103348760684351601557841354235228993549492320946657458769868244944070817655131822513914609831857756329912411477043740681064605505178140009268000419335350018447346203340317961001415118276778984970292062575599392775211964048109013128909284489839020190114058994365249166289294693676735294599003018
Signature valide : true
]]></system-out>
  </testcase>
  <testcase name="testSignerEtVerifier" classname="test.java.com.example.SignatureTest" time="0.012">
    <system-out><![CDATA[Empreinte du message : 84633312863922471376330037953267285772071217785657846530145723160960499289727
Signature générée : 24194037642590291516622603593734496682935040007856012624526332147774073147173693911195707462122075441810409029960575898384696850956986872394256082104602468261816866781854907984579855491975455521585341592875365207041499678925608055320651726955557517757032021707190469018374688936027507678271986899942899354718
Signature valide : true
]]></system-out>
  </testcase>
  <testcase name="testSignerEtVerifier" classname="test.java.com.example.SignatureTest" time="0.014">
    <system-out><![CDATA[Empreinte du message : 84633312863922471376330037953267285772071217785657846530145723160960499289727
Signature générée : 5186660390943265273654414940969600306264500587484044534715772243107485564854491843829597517802493553116018429383848205944751268107482728502548193215482127144771988322440686504639766309321240420181696200869681863864407136184121217298547655856470427413652838292247611100584694639119852854912755499601584681610
Signature valide : true
]]></system-out>
  </testcase>
  <testcase name="testSignerEtVerifier" classname="test.java.com.example.SignatureTest" time="0.013">
    <system-out><![CDATA[Empreinte du message : 84633312863922471376330037953267285772071217785657846530145723160960499289727
Signature générée : 15614962778133601843910078155299184380477088173802515819453128840733101814344895292764567685587381081280848618338011390813473631776537752477679590397422878729000331794333584131327420795137327865693798613945417747495995625341042280362325567473621611384538243249046537998398844456485355550034622239935568803965
Signature valide : true
]]></system-out>
  </testcase>
  <testcase name="testSignerEtVerifier" classname="test.java.com.example.SignatureTest" time="0.015">
    <system-out><![CDATA[Empreinte du message : 84633312863922471376330037953267285772071217785657846530145723160960499289727
Signature générée : 69324148867529539078566447109491702244259032384849369300019209381118121578061785539208202655956438401692593994723087393983170928360041725120557762565445266948230273343642319370124234948700906737157727667879474704558836842541441849075718242161803301514010627219682862611016604223519407308198651531421282564461
Signature valide : true
]]></system-out>
  </testcase>
  <testcase name="testSignerEtVerifier" classname="test.java.com.example.SignatureTest" time="0.015">
    <system-out><![CDATA[Empreinte du message : 84633312863922471376330037953267285772071217785657846530145723160960499289727
Signature générée : 21502886856389914055247764073117413101779450164985522658329029551728492666927453302509962127419075023377305344879430814775670674833727884965734721270635131622156788607320920902094981600795187788535923223259303391756064229029636740916277451163347351834450409888713658574287099105783395773927413734722135550079
Signature valide : true
]]></system-out>
  </testcase>
  <testcase name="testSignerEtVerifier" classname="test.java.com.example.SignatureTest" time="0.012">
    <system-out><![CDATA[Empreinte du message : 84633312863922471376330037953267285772071217785657846530145723160960499289727
Signature générée : 81700312135642141875987745458832749800018581900308126965227067465650161260081530725400324645093407113598341426140298190494682694089775463017694359638319577886848650159364504878844287228736292152413446919680903071615175529249125179690363151328598719540592945020459461703003861378655741688083677076452527547077
Signature valide : true
]]></system-out>
  </testcase>
  <testcase name="testSignerEtVerifier" classname="test.java.com.example.SignatureTest" time="0.017">
    <system-out><![CDATA[Empreinte du message : 84633312863922471376330037953267285772071217785657846530145723160960499289727
Signature générée : 34929276193130229958453384629072528670577176787286203607540394245481112286608783450633927532326859751756012010497573077081166156306950041207548284946424740491690568115683897102077089723945865093147894838955662984750822827226436869339393865164496281781915273155455068301423649321237039684239847356457081459181
Signature valide : true
]]></system-out>
  </testcase>
  <testcase name="testSignerEtVerifier" classname="test.java.com.example.SignatureTest" time="0.014">
    <system-out><![CDATA[Empreinte du message : 84633312863922471376330037953267285772071217785657846530145723160960499289727
Signature générée : 61875080285654252127722138765612155298000208448141337551301762727512963183705613515370375505938374707631593546172350186746105851336795673055655691324328862378071487356560786079144220580065064073341426786154235699272905448450674420631828956197524095551191997972228480178911598742849147968310943387030314907100
Signature valide : true
]]></system-out>
  </testcase>
  <testcase name="testSignerEtVerifier" classname="test.java.com.example.SignatureTest" time="0.015">
    <system-out><![CDATA[Empreinte du message : 84633312863922471376330037953267285772071217785657846530145723160960499289727
Signature générée : 11317720868661623371230727999233932082675745634469745032259513162132516605930208639585250745180394640325638351131456762399387655438432177816406066629910254027980903137553669443432654308689262463750942292351771161250334094712889074398383166784525759316028733086559849719428603069217209095169168242546947895002
Signature valide : true
]]></system-out>
  </testcase>
  <testcase name="testSignerEtVerifier" classname="test.java.com.example.SignatureTest" time="0.015">
    <system-out><![CDATA[Empreinte du message : 84633312863922471376330037953267285772071217785657846530145723160960499289727
Signature générée : 61042433258722619420850957841131982520501145568223281028364231829735748720677268946291196037038890942665822884130899479359448659739505471393044705350852673039715187915181183041618585112502912440413100506379774851406238975208737423606093791587241534303523765238234911710143941252374626672014986228087372317417
Signature valide : true
]]></system-out>
  </testcase>
  <testcase name="testSignerEtVerifier" classname="test.java.com.example.SignatureTest" time="0.013">
    <system-out><![CDATA[Empreinte du message : 84633312863922471376330037953267285772071217785657846530145723160960499289727
Signature générée : 6239096276317981941890675808631386048203236975786177745897824269057705985010443165610856368167541527280009872222517493573033769015127884051490355317182948074102127012947166115510885341885521834806366059490565630532916654323963473439490091836570373103218052295510099508376875932053042485543656990361819780299
Signature valide : true
]]></system-out>
  </testcase>
  <testcase name="testSignerEtVerifier" classname="test.java.com.example.SignatureTest" time="0.014">
    <system-out><![CDATA[Empreinte du message : 84633312863922471376330037953267285772071217785657846530145723160960499289727
Signature générée : 66398752713265215332806930970102622363516462914041110651589649759585757440170239875511979189491779951551810578390885338538613841537906985995991539735909057896259063698663227357399825655693262307589110257294511891887917036388558388645888583000780824074439727999251684859702501006089532919155801604237031576870
Signature valide : true
]]></system-out>
  </testcase>
  <testcase name="testSignerEtVerifier" classname="test.java.com.example.SignatureTest" time="0.016">
    <system-out><![CDATA[Empreinte du message : 84633312863922471376330037953267285772071217785657846530145723160960499289727
Signature générée : 2975871854311583044716084010085256957881336846702109233400496604566154497858729904913749204502262874231033405646854631827404988989446737731311412332709756765255672911815305410940269920381570588548252306420699574872701096243102977658131624082979191067861626590357504541935405022999190905076024422802264408988
Signature valide : true
]]></system-out>
  </testcase>
  <testcase name="testSignerEtVerifier" classname="test.java.com.example.SignatureTest" time="0.012">
    <system-out><![CDATA[Empreinte du message : 84633312863922471376330037953267285772071217785657846530145723160960499289727
Signature générée : 52956257836739427985746086573644377895011954022444754689413657059401102001558682765900071491159211809152962346079268228740931454719164656020205504475439689483711618483447092499530643497596634388122881732603781010622637647269766314174954764606076315300605320227932485550270226861346795067350903717952144261029
Signature valide : true
]]></system-out>
  </testcase>
  <testcase name="testSignerEtVerifier" classname="test.java.com.example.SignatureTest" time="0.012">
    <system-out><![CDATA[Empreinte du message : 84633312863922471376330037953267285772071217785657846530145723160960499289727
Signature générée : 57586601006710896427086273354146453492016237276361126589328226404484407674770415472118760406783604316460760348433180810014291884757835502631212537572306071619567205336696381833922533756334300318129654248101861847492266479550290296042670174453370056417122471649186425384701014090850989651080415761007812674619
Signature valide : true
]]></system-out>
  </testcase>
  <testcase name="testSignerEtVerifier" classname="test.java.com.example.SignatureTest" time="0.014">
    <system-out><![CDATA[Empreinte du message : 84633312863922471376330037953267285772071217785657846530145723160960499289727
Signature générée : 81252788228757050347623363396089880022650505026385842275350865241141050329197504527297490421429974376819121152858081714168296094663435077147388451258184647161178794173957873471896372253940589166214448308267650352347238713029371046578375205141791836960376722754810086331195669706947217315735816479477899645854
Signature valide : true
]]></system-out>
  </testcase>
  <testcase name="testSignerEtVerifier" classname="test.java.com.example.SignatureTest" time="0.014">
    <system-out><![CDATA[Empreinte du message : 84633312863922471376330037953267285772071217785657846530145723160960499289727
Signature générée : 31218750054918422344816632729682298049007469439547396171394918033028768604885136722857871087368408234321401158647713234896419228971682174597781725370982460690217897344780060547463497602873275934196483267914831600384590395800829451612539930841254746169088164156923154977068826942555970153782224356834797640979
Signature valide : true
]]></system-out>
  </testcase>
  <testcase name="testSignerEtVerifier" classname="test.java.com.example.SignatureTest" time="0.011">
    <system-out><![CDATA[Empreinte du message : 84633312863922471376330037953267285772071217785657846530145723160960499289727
Signature générée : 61664043075002651061047338800254608156904853276665074987502960851174375571576849387974440081480614627367672046076000598853150282234565330651965497737154501833047547570062674116036861946482883525617807792854069361801426252065749531725971918480983951148661506748275500165129577379627337778270041489679093899646
Signature valide : true
]]></system-out>
  </testcase>
  <testcase name="testSignerEtVerifier" classname="test.java.com.example.SignatureTest" time="0.013">
    <system-out><![CDATA[Empreinte du message : 84633312863922471376330037953267285772071217785657846530145723160960499289727
Signature générée : 89997759017773083123902849859167219568185607010655692461938466725154803637264485347531948253754935373109122912508346873512791661127148242394659007991537864203234159964162865084570381554212661626348721639983905137918796582002390049588336357198726523213129277123053648589079961591889757161751989125060711693642
Signature valide : true
]]></system-out>
  </testcase>
  <testcase name="testSignerEtVerifier" classname="test.java.com.example.SignatureTest" time="0.012">
    <system-out><![CDATA[Empreinte du message : 84633312863922471376330037953267285772071217785657846530145723160960499289727
Signature générée : 21598421331686034295350278130271913263284934786731893852224591912446751583508739712835801789684157516134621681002553665209110382380494282368463578778029920308435692438075953145885551362741692291754541226011071071375539237505914097884448664578557383711685041435356968103523247025315627496315118757306833248258
Signature valide : true
]]></system-out>
  </testcase>
  <testcase name="testSignerEtVerifier" classname="test.java.com.example.SignatureTest" time="0.017">
    <system-out><![CDATA[Empreinte du message : 84633312863922471376330037953267285772071217785657846530145723160960499289727
Signature générée : 26915096332653321829640103633646123395126396681584556901436857219956662336056451904713071822063037415316428092422556387491090327805960864515160177450045602899103080163080669946879405711880369088688054353188834762422150435712911962689521111762382731469442615377050801302903318843695300959015807329250313329217
Signature valide : true
]]></system-out>
  </testcase>
  <testcase name="testSignerEtVerifier" classname="test.java.com.example.SignatureTest" time="0.017">
    <system-out><![CDATA[Empreinte du message : 84633312863922471376330037953267285772071217785657846530145723160960499289727
Signature générée : 93042163676191215458998844364790120411781651290018872143573567657354240405646688571417434200361372167982534891971669991827005085693618782018344441439396284172810060750983731472425229268710058704049170439020708887208626957450392601606302013466013175909967068100997695460541943135195304671101426269687303218169
Signature valide : true
]]></system-out>
  </testcase>
  <testcase name="testSignerEtVerifier" classname="test.java.com.example.SignatureTest" time="0.018">
    <system-out><![CDATA[Empreinte du message : 84633312863922471376330037953267285772071217785657846530145723160960499289727
Signature générée : 84878026932375428727714075387811641780640719629586684217772393077355581129697635180917678549077191772999781471405488969677799321667997948997008556354718455217229907398507081983432491163749674159350745570725999312920618296298701967685725330442262526948172061820198233213750873409499901921968539622346913455124
Signature valide : true
]]></system-out>
  </testcase>
  <testcase name="testSignerEtVerifier" classname="test.java.com.example.SignatureTest" time="0.015">
    <system-out><![CDATA[Empreinte du message : 84633312863922471376330037953267285772071217785657846530145723160960499289727
Signature générée : 3646794272349997667834371453239839441115443022831969813663796284044742193141919296304344524078026271610426978207754720707320151612537166361594498641680637913582123339314323076554216539936441109111492410499289820128000169400168086036420414613070574739445666933752234275287828936396735180729126919575643652320
Signature valide : true
]]></system-out>
  </testcase>
  <testcase name="testSignerEtVerifier" classname="test.java.com.example.SignatureTest" time="0.012">
    <system-out><![CDATA[Empreinte du message : 84633312863922471376330037953267285772071217785657846530145723160960499289727
Signature générée : 37061326959038470562291260586693194997660758349555999942255917081444540624997038379868829917899198097921355929695707879593322281272225849938346310172710593105298874933043051449587082857431435309667768886390058695875414309435256276029382837592299002582909885562568009963178333226471401125425274086529167496802
Signature valide : true
]]></system-out>
  </testcase>
  <testcase name="testSignerEtVerifier" classname="test.java.com.example.SignatureTest" time="0.015">
    <system-out><![CDATA[Empreinte du message : 84633312863922471376330037953267285772071217785657846530145723160960499289727
Signature générée : 37339322905713416150861260824746346143980364142220783655795878014604169531167507339902543793443131132400102206309868892973698919803157378994207187391753829551841771438020509844481735595037994436223666623899480106085155385434613841573919976445294710650078008125597359198757666760473240843055408329194845584829
Signature valide : true
]]></system-out>
  </testcase>
  <testcase name="testSignerEtVerifier" classname="test.java.com.example.SignatureTest" time="0.013">
    <system-out><![CDATA[Empreinte du message : 84633312863922471376330037953267285772071217785657846530145723160960499289727
Signature générée : 44244481204932809507308355306861492532319355066537065726997504779405121052338113303025507248575056708805241685084463320279455994394516769120193957391741662858502166021468829078882851401229592951193630865046115994550326230589968975188603976318146496188988774290922081097564364208330761813127526815713844906594
Signature valide : true
]]></system-out>
  </testcase>
  <testcase name="testSignerEtVerifier" classname="test.java.com.example.SignatureTest" time="0.011">
    <system-out><![CDATA[Empreinte du message : 84633312863922471376330037953267285772071217785657846530145723160960499289727
Signature générée : 11326786390361167346630658895210594709802355776256606814875779216133228544657613395846954181804352650795493585142060658928851999852557961539244354588001274025127533894336894425245462208199388337688169554796257329558491371875251230343914612634172315774344716283580362719793635049732979697350124125743924039602
Signature valide : true
]]></system-out>
  </testcase>
  <testcase name="testSignerEtVerifier" classname="test.java.com.example.SignatureTest" time="0.011">
    <system-out><![CDATA[Empreinte du message : 84633312863922471376330037953267285772071217785657846530145723160960499289727
Signature générée : 17403987736311828164568596957173770108168023835561922632663239563470150618037694245614974119800159719889130009851355830731939615990815942170414559756263893262497021986081096515415011636099043736023295459214326157588930988033003585362278669559664853975389080380549393802177952206298457323962516745273908503516
Signature valide : true
]]></system-out>
  </testcase>
  <testcase name="testSignerEtVerifier" classname="test.java.com.example.SignatureTest" time="0.012">
    <system-out><![CDATA[Empreinte du message : 84633312863922471376330037953267285772071217785657846530145723160960499289727
Signature générée : 69737129119522194081871041296737371276795942974091061462892985406753820070446343318447039705516811531846333930101926864924384944864793817055020334812554800704751899611815912863791319982198308742658223338414017317841784794783898283802675582116478665507470894130292662897263623126783718000559890017935624595567
Signature valide : true
]]></system-out>
  </testcase>
  <testcase name="testSignerEtVerifier" classname="test.java.com.example.SignatureTest" time="0.013">
    <system-out><![CDATA[Empreinte du message : 84633312863922471376330037953267285772071217785657846530145723160960499289727
Signature générée : 64791503779880376410120021790574740572383900710414164878560913402729120794677013174993115798167731603099687746956281798585174260756888793298030521145048163069116878566494794927396444840191062751309407943160365283060729074378958566739893522567270312219276606676806995471602238636946569585851239998945685692647
Signature valide : true
]]></system-out>
  </testcase>
  <testcase name="testSignerEtVerifier" classname="test.java.com.example.SignatureTest" time="0.012">
    <system-out><![CDATA[Empreinte du message : 84633312863922471376330037953267285772071217785657846530145723160960499289727
Signature générée : 75074747427408042330778094929465881273303572437362949859862741802065471630649924037592691919273249608178685226973259206936660829454167915570541409328162013805698768171718552703092264930651575410579625523247548726345536510490556213414556396425818660075490926740648811337900869319177023357361481942592736005325
Signature valide : true
]]></system-out>
  </testcase>
  <testcase name="testSignerEtVerifier" classname="test.java.com.example.SignatureTest" time="0.013">
    <system-out><![CDATA[Empreinte du message : 84633312863922471376330037953267285772071217785657846530145723160960499289727
Signature générée : 11877798111956610095310343552398081438532380853182827267613668359543852183488519009885577489153894453989752133700998917306425805622040986041415742520412874034648410747763311392299523754247486766153558276642514466247120283324855470520356887842034181984602617081882047671251812375036139174521201072641119744433
Signature valide : true
]]></system-out>
  </testcase>
  <testcase name="testSignerEtVerifier" classname="test.java.com.example.SignatureTest" time="0.013">
    <system-out><![CDATA[Empreinte du message : 84633312863922471376330037953267285772071217785657846530145723160960499289727
Signature générée : 110329835394949886630168470249923651745137593891990573847571876362186430820125497958191674210083962289899386819372487380125137118799519302589626954061888667280050050330527178792861221684693893510944792296588821361929812382371604547459946810896793442668278824941736629951952402994815373236081758775241863876257
Signature valide : true
]]></system-out>
  </testcase>
  <testcase name="testSignerEtVerifier" classname="test.java.com.example.SignatureTest" time="0.015">
    <system-out><![CDATA[Empreinte du message : 84633312863922471376330037953267285772071217785657846530145723160960499289727
Signature générée : 41405269672427441152974574583216619024456513740279598814365611253220365340177141028042557611035450727345681136979157349397365881619966162122441263802559804166116066604344621136904631306027939133011100367923982108223325587613328100381703259722454587457812538381539864776477168267116547576436422778908712572286
Signature valide : true
]]></system-out>
  </testcase>
  <testcase name="testSignerEtVerifier" classname="test.java.com.example.SignatureTest" time="0.013">
    <system-out><![CDATA[Empreinte du message : 84633312863922471376330037953267285772071217785657846530145723160960499289727
Signature générée : 28256244900848181271583578469783724268901152679327285552947942271698557756705487420124097629746025944034590876355887155580124855545778955285823351777276316683006532865028691046807687255295349540889431690240976344898312924249668990171449380475319630064135681683345161263471007305923142417052207188411087025632
Signature valide : true
]]></system-out>
  </testcase>
  <testcase name="testSignerEtVerifier" classname="test.java.com.example.SignatureTest" time="0.014">
    <system-out><![CDATA[Empreinte du message : 84633312863922471376330037953267285772071217785657846530145723160960499289727
Signature générée : 42032803455612561524763202834116194687349171110078810605649417585847820037833034066246045778463719573684269931716894918523346841657042830683396803754783669480523127782815893094659464381248119772082482073379493225533360437492063349321355781792095450820396884407413348757365411159318456827454383156810391411274
Signature valide : true
]]></system-out>
  </testcase>
  <testcase name="testSignerEtVerifier" classname="test.java.com.example.SignatureTest" time="0.012">
    <system-out><![CDATA[Empreinte du message : 84633312863922471376330037953267285772071217785657846530145723160960499289727
Signature générée : 13573664534033589420520848751721160365652072202893142316761285149171611965099531041824743339093605777777603015043357248538117841616632402029939671391537500442015601207749811786465021387311189399632376779266753575410974951007256114321462816489741636770906661627183801261116097652256158822999070110144565531589
Signature valide : true
]]></system-out>
  </testcase>
  <testcase name="testSignerEtVerifier" classname="test.java.com.example.SignatureTest" time="0.015">
    <system-out><![CDATA[Empreinte du message : 84633312863922471376330037953267285772071217785657846530145723160960499289727
Signature générée : 92424112556475545906441377352358597583845631331444504985770988546048377471487650179400054201482601455463200256076488103984673814524913704988704785081608512369916483675097230409193514252034749898705063440184522446441052312461608362883197657075286397312481124908467818036389953684346283591647681793887729538076
Signature valide : true
]]></system-out>
  </testcase>
  <testcase name="testSignerEtVerifier" classname="test.java.com.example.SignatureTest" time="0.013">
    <system-out><![CDATA[Empreinte du message : 84633312863922471376330037953267285772071217785657846530145723160960499289727
Signature générée : 34268593374853302212248048709753343638407625944302021742780379184805346110969543758776977975919878618695713205286256352584012883582410532444911158459104257393315155411309857298627065090112452785188910801593409138046113348798449494270585827666035986286329741974118596425146345208587176262408808823442021988982
Signature valide : true
]]></system-out>
  </testcase>
  <testcase name="testSignerEtVerifier" classname="test.java.com.example.SignatureTest" time="0.013">
    <system-out><![CDATA[Empreinte du message : 84633312863922471376330037953267285772071217785657846530145723160960499289727
Signature générée : 9038131355934811434002488402985471431240311637201237742397474002848786510396148305444950649010044280244260564587061535615839758237497851144842802908424419765321521170118256754939958709753757595612690996402737289642675911663819287406423894874075278752296777758235061671622581120790099769763893884127266891470
Signature valide : true
]]></system-out>
  </testcase>
  <testcase name="testSignerEtVerifier" classname="test.java.com.example.SignatureTest" time="0.012">
    <system-out><![CDATA[Empreinte du message : 84633312863922471376330037953267285772071217785657846530145723160960499289727
Signature générée : 94225486680229550428532913198287722252033376320417017991363374717153481298292514182178658839746422522198072055441441831879848763659170400757619778306326499022323012989799415984055359741561481608465334368042129493012251153356922489616786229876309182792919333288341268054692144255773939494472020868612497577801
Signature valide : true
]]></system-out>
  </testcase>
  <testcase name="testSignerEtVerifier" classname="test.java.com.example.SignatureTest" time="0.014">
    <system-out><![CDATA[Empreinte du message : 84633312863922471376330037953267285772071217785657846530145723160960499289727
Signature générée : 46143745446636099757228234215345613505782145956224432541529990755304096087438541088516600131515586889828286123808293818795269002588075549140095837853088200364467614809764258964641084640222856477377215710656947629625108290599179990138938915104645500220693331708184754850310707910957112982004177649438173981046
Signature valide : true
]]></system-out>
  </testcase>
  <testcase name="testSignerEtVerifier" classname="test.java.com.example.SignatureTest" time="0.013">
    <system-out><![CDATA[Empreinte du message : 84633312863922471376330037953267285772071217785657846530145723160960499289727
Signature générée : 13070439769705252671831276300746564930492112372217863307519854252332447202502777520870164287329475167296606458288933224296802793919082097259815055177395557855154468665149880797990909616889248119499819679135584085218202403728947526278971420667529491445836111293148281465566739736197185502495655166218980601409
Signature valide : true
]]></system-out>
  </testcase>
  <testcase name="testSignerEtVerifier" classname="test.java.com.example.SignatureTest" time="0.011">
    <system-out><![CDATA[Empreinte du message : 84633312863922471376330037953267285772071217785657846530145723160960499289727
Signature générée : 5330446639121708719981018940525237047232917020685238913136250197599097420075228476648692577240043289201422829044699943057794770035650843018188710615621413355642219054580554760806597810920866811913806503754773457422321094222353153323671749492546537812833360627393431556405387687247233825220951989729619527615
Signature valide : true
]]></system-out>
  </testcase>
  <testcase name="testSignerEtVerifier" classname="test.java.com.example.SignatureTest" time="0.013">
    <system-out><![CDATA[Empreinte du message : 84633312863922471376330037953267285772071217785657846530145723160960499289727
Signature générée : 1400451626283412668865948402794970019160805714844978732404413545913692375023409550055218525593903185110865729400256036407378522819557701209578428467049187333731050866945864187686930819874943753135298934143446938622177117622456917634768014868424520169304840650227418234169330180938054125430674262594639869359
Signature valide : true
]]></system-out>
  </testcase>
  <testcase name="testSignerEtVerifier" classname="test.java.com.example.SignatureTest" time="0.012">
    <system-out><![CDATA[Empreinte du message : 84633312863922471376330037953267285772071217785657846530145723160960499289727
Signature générée : 76974282701237015965102838262811721273729733672531463414183929777907998201774996732652414295397444520764276580048646227870706681214920897459640740357649364056170038715267145894303472555342297160876048846866531862486354205766716002988549236480561504088050444259282590166389862650163353490611524153981763326984
Signature valide : true
]]></system-out>
  </testcase>
  <testcase name="testSignerEtVerifier" classname="test.java.com.example.SignatureTest" time="0.014">
    <system-out><![CDATA[Empreinte du message : 84633312863922471376330037953267285772071217785657846530145723160960499289727
Signature générée : 91782962263680492933428648039428592997814262742849527479134365313713629267777947682556181002661231321235347922982042215044978400719240948958700544687694229705894589278285286036190567582747042476060638133644661366584854168897596309668315662548014596524228648079954848320155037069895558327480609026276713307961
Signature valide : true
]]></system-out>
  </testcase>
  <testcase name="testSignerEtVerifier" classname="test.java.com.example.SignatureTest" time="0.012">
    <system-out><![CDATA[Empreinte du message : 84633312863922471376330037953267285772071217785657846530145723160960499289727
Signature générée : 29394717410036232873377556517384526481522734824770609705142564317938304100248483112103114988727546693645453170399388273867701288695500527884795571107266908577270288012113794918715850437482047637461166632819680351966143984795149544214456978644754438018340945890062926290253132830680102689052606417557433877410
Signature valide : true
]]></system-out>
  </testcase>
  <testcase name="testSignerEtVerifier" classname="test.java.com.example.SignatureTest" time="0.014">
    <system-out><![CDATA[Empreinte du message : 84633312863922471376330037953267285772071217785657846530145723160960499289727
Signature générée : 15914659002761135238553681718411001579146935650839328711174941210965644036712987413830355228620425875815428402491265873633152675122184978391965051005425610530597599408549962988741970563618922478082698627317313482927939161562780639006378319107549276433982077100964755935742433447150961313603423237120278403151
Signature valide : true
]]></system-out>
  </testcase>
  <testcase name="testSignerEtVerifier" classname="test.java.com.example.SignatureTest" time="0.013">
    <system-out><![CDATA[Empreinte du message : 84633312863922471376330037953267285772071217785657846530145723160960499289727
Signature générée : 67167634362410573009755376866300667145162836534621137471889614750062493081858023193548364458255431179851444235337414235468553360496091192188379308078615738661773379540574721210183761287515444681722579419833028833829150689176164109169351780677836444996005945569837343569596948807817264470874284639593726140804
Signature valide : true
]]></system-out>
  </testcase>
  <testcase name="testSignerEtVerifier" classname="test.java.com.example.SignatureTest" time="0.016">
    <system-out><![CDATA[Empreinte du message : 84633312863922471376330037953267285772071217785657846530145723160960499289727
Signature générée : 11585005516816988394364533650067137449882199981165497000134970761209601950369976071678214563406797162881314082555628615832982495432219584099187147433064625569545112861211973860187484732678229849618993455602998149996810052365047509516574043043434128841409130749399750509289297494165493299531095322230388510864
Signature valide : true
]]></system-out>
  </testcase>
  <testcase name="testSignerEtVerifier" classname="test.java.com.example.SignatureTest" time="0.015">
    <system-out><![CDATA[Empreinte du message : 84633312863922471376330037953267285772071217785657846530145723160960499289727
Signature générée : 12338271273921381807869118270201585590951077334122483516800779355261411959753393499568340076634894152765989644304377556155310530269205360819803687811672569931966459905694826984564131857749093066696587459050510789716997268495148849354918670029846739898101856724569317296610316532749955866684806925121197525726
Signature valide : true
]]></system-out>
  </testcase>
  <testcase name="testSignerEtVerifier" classname="test.java.com.example.SignatureTest" time="0.013">
    <system-out><![CDATA[Empreinte du message : 84633312863922471376330037953267285772071217785657846530145723160960499289727
Signature générée : 108384447204046693363805350811136140167837277529218081300334678250252080057753500707380380236129870356701835276525215892941194368562943665919122757728078910505834762809167675446331808368869141397398438855597270842603457407443640686663212660855424203714790970568912687028029845626143446067672181638221153549001
Signature valide : true
]]></system-out>
  </testcase>
  <testcase name="testSignerEtVerifier" classname="test.java.com.example.SignatureTest" time="0.016">
    <system-out><![CDATA[Empreinte du message : 84633312863922471376330037953267285772071217785657846530145723160960499289727
Signature générée : 61829383421005751398115634214740562961496612053089708128988396072706623536884436911545055328173708023434845957448122443634556490923420976814894254426471543525710450949831522626262794033788386418458306156658709216991352163026179806055499935092173945746184765328382632682291246370669621970335549539030251278130
Signature valide : true
]]></system-out>
  </testcase>
  <testcase name="testSignerEtVerifier" classname="test.java.com.example.SignatureTest" time="0.016">
    <system-out><![CDATA[Empreinte du message : 84633312863922471376330037953267285772071217785657846530145723160960499289727
Signature générée : 113856280905946474593986415014423854388755739957243780949275768840959357610661291569058787715781114843400100899774170664336476826167084139381454390638199296628265509168742387240301617712074424016417878913532209619366080135769586353353134914093271189421681415271597578903851175182637675833313391497048283801942
Signature valide : true
]]></system-out>
  </testcase>
  <testcase name="testSignerEtVerifier" classname="test.java.com.example.SignatureTest" time="0.013">
    <system-out><![CDATA[Empreinte du message : 84633312863922471376330037953267285772071217785657846530145723160960499289727
Signature générée : 93360780728135682920303624111619409964217778790133912564769558803175100034995773859348550022877638528060217980263511450473991240792247131445706419706492359601177383904976572230005370327002654292925372515422340066985819008527131856989026350202319557113096454488770941867916722942684636074658029259118012079702
Signature valide : true
]]></system-out>
  </testcase>
  <testcase name="testSignerEtVerifier" classname="test.java.com.example.SignatureTest" time="0.011">
    <system-out><![CDATA[Empreinte du message : 84633312863922471376330037953267285772071217785657846530145723160960499289727
Signature générée : 41298889368796208119337750186808576252899645268919113746800179441610927994428146079739844526936762929510473533921098193671729342132586311941884855957055618268296469898438854943773802927770345945588411170428751468671817736441287627679904112099043492478706394939662018239007591384984589789607133318772318460778
Signature valide : true
]]></system-out>
  </testcase>
  <testcase name="testSignerEtVerifier" classname="test.java.com.example.SignatureTest" time="0.015">
    <system-out><![CDATA[Empreinte du message : 84633312863922471376330037953267285772071217785657846530145723160960499289727
Signature générée : 4028292715272396016630533781929240083578518699418593158748171151397961066743152894657810452574576646953883929423267421245363986866629492068414271196046141979281797791345471388152603292931057305519868794044429936918940976216614188040342569020323927731752278804847498485019922107449122723209914163795354143659
Signature valide : true
]]></system-out>
  </testcase>
  <testcase name="testSignerEtVerifier" classname="test.java.com.example.SignatureTest" time="0.015">
    <system-out><![CDATA[Empreinte du message : 84633312863922471376330037953267285772071217785657846530145723160960499289727
Signature générée : 45072438319310131565256843440530354502110444824584866800789728654709053601238813606608421790635139510928245088534274788008597055399088704531944256783591689945663731396721095393643191903308724223784323773423378749025051257551835730606946987868944634381567822810431798746011933165241513260425583096148717255522
Signature valide : true
]]></system-out>
  </testcase>
  <testcase name="testSignerEtVerifier" classname="test.java.com.example.SignatureTest" time="0.014">
    <system-out><![CDATA[Empreinte du message : 84633312863922471376330037953267285772071217785657846530145723160960499289727
Signature générée : 9790441998824823680084694137832008597835194852516870994923283538893166889018819709515457195058388905822883972308815405245234304596033838781108237024321655119475392526630363711859061489074271441126141856022359351469846530356882680730452757662372159982732007544220096713812929524013128689496773868096111007877
Signature valide : true
]]></system-out>
  </testcase>
  <testcase name="testSignerEtVerifier" classname="test.java.com.example.SignatureTest" time="0.018">
    <system-out><![CDATA[Empreinte du message : 84633312863922471376330037953267285772071217785657846530145723160960499289727
Signature générée : 28084369847194132580058326411799676279028500324926087648976114297493980920773004657601523856638046451959696580287552640758958210027859785762956958073486662700032690295752364971290215226962682365242135632865137448057053247262172614193916380527467926535476548950266618936453524198864483730189102298627326592146
Signature valide : true
]]></system-out>
  </testcase>
  <testcase name="testSignerEtVerifier" classname="test.java.com.example.SignatureTest" time="0.012">
    <system-out><![CDATA[Empreinte du message : 84633312863922471376330037953267285772071217785657846530145723160960499289727
Signature générée : 677599015336696628354372527415553876041413925300232864526753532673482569809074656518603136099449232536978265111258414938670802175886677102845811619156504261112953224475953231080803183519466030824326294668821689928298394394251001773221411444509492420518751130424950767004500069194720522263666158698578095397
Signature valide : true
]]></system-out>
  </testcase>
  <testcase name="testSignerEtVerifier" classname="test.java.com.example.SignatureTest" time="0.015">
    <system-out><![CDATA[Empreinte du message : 84633312863922471376330037953267285772071217785657846530145723160960499289727
Signature générée : 77080491597041392619068213170499454994872275236142812293861628057896547257484839947614326199468552355870367472691239079315171211915710289647529640402095280206569961156710006398805573842294608329884035567492134510895626253371655028377457658499323246562036563399762980181589249397364797121623025660207881949416
Signature valide : true
]]></system-out>
  </testcase>
  <testcase name="testSignerEtVerifier" classname="test.java.com.example.SignatureTest" time="0.01">
    <system-out><![CDATA[Empreinte du message : 84633312863922471376330037953267285772071217785657846530145723160960499289727
Signature générée : 40080077461475757242481106978238013520072581187122300307397385513001056652971139130531518146564267067055353515571285478979023733472788387924311380735567259717263075834711608368111441301357292635698915613171844779349487995672937658717175951131462199177075535520278629564109657548040589019776881650021504914650
Signature valide : true
]]></system-out>
  </testcase>
  <testcase name="testSignerEtVerifier" classname="test.java.com.example.SignatureTest" time="0.015">
    <system-out><![CDATA[Empreinte du message : 84633312863922471376330037953267285772071217785657846530145723160960499289727
Signature générée : 18114344510968012201588134054769451295943466833235637498110156396413211105806111194944794093189859800402589415095773519215246880764992315801147586191723686623250980997407522277330029513506200927773643605344096076907904567675878591497855737698367557056522522027841815574358944261012367958525109946236421205704
Signature valide : true
]]></system-out>
  </testcase>
  <testcase name="testSignerEtVerifier" classname="test.java.com.example.SignatureTest" time="0.012">
    <system-out><![CDATA[Empreinte du message : 84633312863922471376330037953267285772071217785657846530145723160960499289727
Signature générée : 8275770385071408110064771313541926213980856646222494277390778350692075720456823429707888375395611424481557113865118738873240685672878771358210495196644657619009197623223554133332786285442178937169997268091912550669025743135799152200420963609089073719126704293431307299069168531878842464667601551080002609649
Signature valide : true
]]></system-out>
  </testcase>
  <testcase name="testSignerEtVerifier" classname="test.java.com.example.SignatureTest" time="0.015">
    <system-out><![CDATA[Empreinte du message : 84633312863922471376330037953267285772071217785657846530145723160960499289727
Signature générée : 2683484894195020035058064250463064865767096160945942297887365323039198222167627765527962324923610588110287011430502686518291557910440306123227087319874241700752246126730957211245725417899864679462828674526638722352458034991212218070859372909340792969428137646979971211331458723051446333270750814740358838911
Signature valide : true
]]></system-out>
  </testcase>
  <testcase name="testSignerEtVerifier" classname="test.java.com.example.SignatureTest" time="0.013">
    <system-out><![CDATA[Empreinte du message : 84633312863922471376330037953267285772071217785657846530145723160960499289727
Signature générée : 43305628734499747114589382332515232707098210986200810009686085330305106267755310459194080941199237009526694462483965950580504889959907364616189863644752272646599648896842553163190975985569869790081795891411937173877921304255675352733548888490584487215352448716584455134538447126918803674983613014196139698543
Signature valide : true
]]></system-out>
  </testcase>
  <testcase name="testSignerEtVerifier" classname="test.java.com.example.SignatureTest" time="0.013">
    <system-out><![CDATA[Empreinte du message : 84633312863922471376330037953267285772071217785657846530145723160960499289727
Signature générée : 46957567832591306625411761073256783936723524878461465996277613830960956524364209582500819887742888326359244212686170032255748240058982297865157540781571666365784068757009802889083415185497770259547137501224953616452598765119940897421363163290596908993192027769578950456381136296558241003946990261476693709481
Signature valide : true
]]></system-out>
  </testcase>
</testsuite>